ubuntu@HaskellUbuntu:~/workspace/OS-Assignment/ossim_source_code_part2_hk231_paging$ ./os os_0_mlq_paging
Time slot   0
ld_routine
	Loaded a process at input/proc/p0s, PID: 1 PRIO: 0
Time slot   1
	CPU 0: Dispatched process  1
Time slot   2
	Loaded a process at input/proc/p1s, PID: 2 PRIO: 15
	CPU 1: Dispatched process  2
Time slot   3
	Loaded a process at input/proc/p1s, PID: 3 PRIO: 0
Time slot   4
	Loaded a process at input/proc/p1s, PID: 4 PRIO: 0
Time slot   5
Time slot   6
PID=1 write region=1 offset=20 value=100
print_pgtbl: 0 - 1024
00000000: 80000001
00000004: 80000000
00000008: 80000003
00000012: 80000002
Write address 64
Start memphy dump
Address=64, Value=100
Time slot   7
	CPU 0: Put process  1 to run queue
	CPU 0: Dispatched process  1
Read address 64
PID=1 read region=1 offset=20 value=100
print_pgtbl: 0 - 1024
00000000: 80000001
00000004: 80000000
00000008: 80000003
00000012: 80000002
Start memphy dump
Address=64, Value=100
Time slot   8
	CPU 1: Put process  2 to run queue
	CPU 1: Dispatched process  4
PID=1 write region=2 offset=20 value=102
print_pgtbl: 0 - 1024
00000000: 80000001
00000004: 80000000
00000008: 80000003
00000012: 80000002
Write address 164
Start memphy dump
Address=64, Value=100
Address=164, Value=102
Time slot   9
Read address 164
PID=1 read region=2 offset=20 value=102
print_pgtbl: 0 - 1024
00000000: 80000001
00000004: 80000000
00000008: 80000003
00000012: 80000002
Start memphy dump
Address=64, Value=100
Address=164, Value=102
Time slot  10
PID=1 write region=3 offset=20 value=103
print_pgtbl: 0 - 1024
00000000: 80000001
00000004: 80000000
00000008: 80000003
00000012: 80000002
Write address 576
Start memphy dump
Address=64, Value=100
Address=164, Value=102
Address=576, Value=103
Time slot  11
	CPU 0: Processed  1 has finished
	CPU 0: Dispatched process  3
Time slot  12
Time slot  13
Time slot  14
	CPU 1: Put process  4 to run queue
	CPU 1: Dispatched process  4
Time slot  15
Time slot  16
Time slot  17
	CPU 0: Put process  3 to run queue
	CPU 0: Dispatched process  3
Time slot  18
	CPU 1: Processed  4 has finished
	CPU 1: Dispatched process  2
Time slot  19
Time slot  20
Time slot  21
	CPU 0: Processed  3 has finished
	CPU 0 stopped
Time slot  22
	CPU 1: Processed  2 has finished
	CPU 1 stopped

